
  .   ____          _            __ _ _
 /\\ / ___'_ __ _ _(_)_ __  __ _ \ \ \ \
( ( )\___ | '_ | '_| | '_ \/ _` | \ \ \ \
 \\/  ___)| |_)| | | | | || (_| |  ) ) ) )
  '  |____| .__|_| |_|_| |_\__, | / / / /
 =========|_|==============|___/=/_/_/_/
 :: Spring Boot ::       (v2.5.0-SNAPSHOT)

2021-04-29 22:18:42.673  INFO 41596 --- [           main] com.sample.SampleRestfullApplication     : Starting SampleRestfullApplication using Java 15.0.1 on LAP with PID 41596 (D:\test\sample-restfull\target\classes started by isivr in D:\test\sample-restfull)
2021-04-29 22:18:42.679  INFO 41596 --- [           main] com.sample.SampleRestfullApplication     : No active profile set, falling back to default profiles: default
2021-04-29 22:18:44.261  INFO 41596 --- [           main] .s.d.r.c.RepositoryConfigurationDelegate : Bootstrapping Spring Data JPA repositories in DEFAULT mode.
2021-04-29 22:18:44.352  INFO 41596 --- [           main] .s.d.r.c.RepositoryConfigurationDelegate : Finished Spring Data repository scanning in 77 ms. Found 1 JPA repository interfaces.
2021-04-29 22:18:45.193  INFO 41596 --- [           main] o.s.b.w.embedded.tomcat.TomcatWebServer  : Tomcat initialized with port(s): 8080 (http)
2021-04-29 22:18:45.207  INFO 41596 --- [           main] o.apache.catalina.core.StandardService   : Starting service [Tomcat]
2021-04-29 22:18:45.207  INFO 41596 --- [           main] org.apache.catalina.core.StandardEngine  : Starting Servlet engine: [Apache Tomcat/9.0.45]
2021-04-29 22:18:45.413  INFO 41596 --- [           main] o.a.c.c.C.[Tomcat].[localhost].[/]       : Initializing Spring embedded WebApplicationContext
2021-04-29 22:18:45.413  INFO 41596 --- [           main] w.s.c.ServletWebServerApplicationContext : Root WebApplicationContext: initialization completed in 2641 ms
2021-04-29 22:18:45.633  INFO 41596 --- [           main] o.hibernate.jpa.internal.util.LogHelper  : HHH000204: Processing PersistenceUnitInfo [name: default]
2021-04-29 22:18:45.714  INFO 41596 --- [           main] org.hibernate.Version                    : HHH000412: Hibernate ORM core version 5.4.30.Final
2021-04-29 22:18:45.912  INFO 41596 --- [           main] o.hibernate.annotations.common.Version   : HCANN000001: Hibernate Commons Annotations {5.1.2.Final}
2021-04-29 22:18:46.081  INFO 41596 --- [           main] com.zaxxer.hikari.HikariDataSource       : HikariPool-1 - Starting...
2021-04-29 22:18:46.342  INFO 41596 --- [           main] com.zaxxer.hikari.HikariDataSource       : HikariPool-1 - Start completed.
2021-04-29 22:18:46.391  INFO 41596 --- [           main] org.hibernate.dialect.Dialect            : HHH000400: Using dialect: org.hibernate.dialect.PostgreSQL10Dialect
2021-04-29 22:18:47.408  INFO 41596 --- [           main] o.h.e.t.j.p.i.JtaPlatformInitiator       : HHH000490: Using JtaPlatform implementation: [org.hibernate.engine.transaction.jta.platform.internal.NoJtaPlatform]
2021-04-29 22:18:47.421  INFO 41596 --- [           main] j.LocalContainerEntityManagerFactoryBean : Initialized JPA EntityManagerFactory for persistence unit 'default'
2021-04-29 22:18:48.053  WARN 41596 --- [           main] JpaBaseConfiguration$JpaWebConfiguration : spring.jpa.open-in-view is enabled by default. Therefore, database queries may be performed during view rendering. Explicitly configure spring.jpa.open-in-view to disable this warning
2021-04-29 22:18:48.258  INFO 41596 --- [           main] pertySourcedRequestMappingHandlerMapping : Mapped URL path [/v2/api-docs] onto method [springfox.documentation.swagger2.web.Swagger2Controller#getDocumentation(String, HttpServletRequest)]
2021-04-29 22:18:48.397  INFO 41596 --- [           main] o.s.s.concurrent.ThreadPoolTaskExecutor  : Initializing ExecutorService 'applicationTaskExecutor'
2021-04-29 22:18:48.688  INFO 41596 --- [           main] o.s.b.w.embedded.tomcat.TomcatWebServer  : Tomcat started on port(s): 8080 (http) with context path ''
2021-04-29 22:18:48.691  INFO 41596 --- [           main] d.s.w.p.DocumentationPluginsBootstrapper : Context refreshed
2021-04-29 22:18:48.725  INFO 41596 --- [           main] d.s.w.p.DocumentationPluginsBootstrapper : Found 1 custom documentation plugin(s)
2021-04-29 22:18:48.777  INFO 41596 --- [           main] s.d.s.w.s.ApiListingReferenceScanner     : Scanning for api listing references
2021-04-29 22:18:48.962  INFO 41596 --- [           main] com.sample.SampleRestfullApplication     : Started SampleRestfullApplication in 7.132 seconds (JVM running for 9.114)
2021-04-29 22:18:48.964  INFO 41596 --- [           main] o.s.b.a.ApplicationAvailabilityBean      : Application availability state LivenessState changed to CORRECT
2021-04-29 22:18:48.967  INFO 41596 --- [           main] o.s.b.a.ApplicationAvailabilityBean      : Application availability state ReadinessState changed to ACCEPTING_TRAFFIC
2021-04-29 22:19:05.548  INFO 41596 --- [nio-8080-exec-1] o.a.c.c.C.[Tomcat].[localhost].[/]       : Initializing Spring DispatcherServlet 'dispatcherServlet'
2021-04-29 22:19:05.548  INFO 41596 --- [nio-8080-exec-1] o.s.web.servlet.DispatcherServlet        : Initializing Servlet 'dispatcherServlet'
2021-04-29 22:19:05.550  INFO 41596 --- [nio-8080-exec-1] o.s.web.servlet.DispatcherServlet        : Completed initialization in 2 ms
2021-04-29 22:19:05.866  INFO 41596 --- [nio-8080-exec-1] c.s.service.impl.ProductServiceImpl      : --------- INICIO ACTUALIZACION -----
Hibernate: select product0_.id as id1_0_0_, product0_.description as descript2_0_0_, product0_.enabled as enabled3_0_0_, product0_.model as model4_0_0_, product0_.name as name5_0_0_, product0_.price as price6_0_0_ from public.products product0_ where product0_.id=?
2021-04-29 22:19:06.000  INFO 41596 --- [nio-8080-exec-1] c.s.service.impl.ProductServiceImpl      : Datos actualizados: productDto [id=ABCDFGH123, name=name, description=actualizado, price=10.0, model=act]
2021-04-29 22:19:06.000  INFO 41596 --- [nio-8080-exec-1] c.s.service.impl.ProductServiceImpl      : --------- FIN ACTUALIZACION -----
Hibernate: select product0_.id as id1_0_, product0_.description as descript2_0_, product0_.enabled as enabled3_0_, product0_.model as model4_0_, product0_.name as name5_0_, product0_.price as price6_0_ from public.products product0_
2021-04-29 22:20:48.230  INFO 41596 --- [nio-8080-exec-5] c.s.service.impl.ProductServiceImpl      : --------- INICIO GUARDADO -----
Hibernate: select product0_.id as id1_0_0_, product0_.description as descript2_0_0_, product0_.enabled as enabled3_0_0_, product0_.model as model4_0_0_, product0_.name as name5_0_0_, product0_.price as price6_0_0_ from public.products product0_ where product0_.id=?
2021-04-29 22:20:48.232  INFO 41596 --- [nio-8080-exec-5] c.s.service.impl.ProductServiceImpl      : Producto recibido: productDto [id=otro123, name=names, description=otra descr, price=17.5, model=Modeldo]
Hibernate: select product0_.id as id1_0_0_, product0_.description as descript2_0_0_, product0_.enabled as enabled3_0_0_, product0_.model as model4_0_0_, product0_.name as name5_0_0_, product0_.price as price6_0_0_ from public.products product0_ where product0_.id=?
2021-04-29 22:20:48.258  INFO 41596 --- [nio-8080-exec-5] c.s.service.impl.ProductServiceImpl      : --------- FIN GUARDADO -----
Hibernate: insert into public.products (description, enabled, model, name, price, id) values (?, ?, ?, ?, ?, ?)
Hibernate: select product0_.id as id1_0_, product0_.description as descript2_0_, product0_.enabled as enabled3_0_, product0_.model as model4_0_, product0_.name as name5_0_, product0_.price as price6_0_ from public.products product0_
2021-04-29 22:22:05.076  INFO 41596 --- [nio-8080-exec-9] c.s.service.impl.ProductServiceImpl      : --------- INICIO BORRADO LOGICO -----
Hibernate: select product0_.id as id1_0_0_, product0_.description as descript2_0_0_, product0_.enabled as enabled3_0_0_, product0_.model as model4_0_0_, product0_.name as name5_0_0_, product0_.price as price6_0_0_ from public.products product0_ where product0_.id=?
Hibernate: update public.products set description=?, enabled=?, model=?, name=?, price=? where id=?
2021-04-29 22:22:05.087  INFO 41596 --- [nio-8080-exec-9] c.s.service.impl.ProductServiceImpl      : Registro inhabilitado: ABCDFGH123
2021-04-29 22:22:05.087  INFO 41596 --- [nio-8080-exec-9] c.s.service.impl.ProductServiceImpl      : --------- FIN BORRADO LOGICO -----
